2024-12-27 12:32:37,148 - INFO - 使用设备: cuda
2024-12-27 12:32:37,157 - INFO - 正在加载数据...
2024-12-27 12:32:37,159 - INFO - 数据集大小: 8889 样本
2024-12-27 12:32:37,165 - INFO - 加载了 35551 条训练数据
2024-12-27 12:32:37,169 - INFO - 标签分布:
2024-12-27 12:32:37,169 - INFO - 类别 0: 12341 样本
2024-12-27 12:32:37,169 - INFO - 类别 1: 5891 样本
2024-12-27 12:32:37,169 - INFO - 类别 2: 2435 样本
2024-12-27 12:32:37,170 - INFO - 类别 3: 2153 样本
2024-12-27 12:32:37,170 - INFO - 类别 4: 2033 样本
2024-12-27 12:32:37,170 - INFO - 类别 5: 1441 样本
2024-12-27 12:32:37,170 - INFO - 类别 7: 856 样本
2024-12-27 12:32:37,170 - INFO - 类别 6: 835 样本
2024-12-27 12:32:37,170 - INFO - 类别 8: 831 样本
2024-12-27 12:32:37,170 - INFO - 类别 9: 776 样本
2024-12-27 12:32:37,171 - INFO - 类别 10: 740 样本
2024-12-27 12:32:37,171 - INFO - 类别 11: 727 样本
2024-12-27 12:32:37,171 - INFO - 类别 12: 638 样本
2024-12-27 12:32:37,171 - INFO - 类别 13: 561 样本
2024-12-27 12:32:37,171 - INFO - 类别 14: 401 样本
2024-12-27 12:32:37,171 - INFO - 类别 15: 392 样本
2024-12-27 12:32:37,171 - INFO - 类别 16: 378 样本
2024-12-27 12:32:37,171 - INFO - 类别 17: 338 样本
2024-12-27 12:32:37,172 - INFO - 类别 18: 269 样本
2024-12-27 12:32:37,172 - INFO - 类别 20: 250 样本
2024-12-27 12:32:37,172 - INFO - 类别 19: 241 样本
2024-12-27 12:32:37,172 - INFO - 类别 21: 205 样本
2024-12-27 12:32:37,172 - INFO - 类别 22: 127 样本
2024-12-27 12:32:37,172 - INFO - 类别 23: 97 样本
2024-12-27 12:32:37,172 - INFO - 类别 24: 88 样本
2024-12-27 12:32:37,172 - INFO - 类别 25: 81 样本
2024-12-27 12:32:37,172 - INFO - 类别 26: 77 样本
2024-12-27 12:32:37,172 - INFO - 类别 27: 61 样本
2024-12-27 12:32:37,172 - INFO - 类别 28: 61 样本
2024-12-27 12:32:37,172 - INFO - 类别 29: 58 样本
2024-12-27 12:32:37,173 - INFO - 类别 30: 37 样本
2024-12-27 12:32:37,173 - INFO - 类别 31: 33 样本
2024-12-27 12:32:37,173 - INFO - 类别 32: 19 样本
2024-12-27 12:32:37,173 - INFO - 类别 34: 16 样本
2024-12-27 12:32:37,173 - INFO - 类别 33: 15 样本
2024-12-27 12:32:37,174 - INFO - 类别 35: 14 样本
2024-12-27 12:32:37,174 - INFO - 类别 36: 10 样本
2024-12-27 12:32:37,174 - INFO - 类别 37: 6 样本
2024-12-27 12:32:37,174 - INFO - 类别 39: 5 样本
2024-12-27 12:32:37,174 - INFO - 类别 40: 4 样本
2024-12-27 12:32:37,174 - INFO - 类别 38: 4 样本
2024-12-27 12:32:37,175 - INFO - 类别 41: 4 样本
2024-12-27 12:32:37,175 - INFO - 类别 42: 1 样本
2024-12-27 12:32:37,175 - INFO - 类别 43: 1 样本
2024-12-27 12:32:37,186 - INFO - 开始训练第 1 折 (共 2 折)...
2024-12-27 12:32:37,188 - INFO - 训练集大小: 17775, 验证集大小: 17776
2024-12-27 12:32:37,189 - INFO - 正在加载数据...
2024-12-27 12:32:37,192 - INFO - 数据集大小: 17775 样本
2024-12-27 12:32:37,192 - INFO - 数据集中的唯一标签: [0, 1, 2, 3, 4, 5, 6, 7, 8, 9, 10, 11, 12, 13, 14, 15, 16, 17, 18, 19, 20, 21, 22, 23, 24, 25, 26, 27, 28, 29, 30, 31, 32, 33, 34, 35, 36, 37, 38, 39, 40, 41, 42]
2024-12-27 12:32:37,193 - INFO - 正在加载数据...
2024-12-27 12:32:37,197 - INFO - 数据集大小: 17776 样本
2024-12-27 12:32:37,197 - INFO - 数据集中的唯一标签: [0, 1, 2, 3, 4, 5, 6, 7, 8, 9, 10, 11, 12, 13, 14, 15, 16, 17, 18, 19, 20, 21, 22, 23, 24, 25, 26, 27, 28, 29, 30, 31, 32, 33, 34, 35, 36, 37, 38, 39, 40, 41, 43]
2024-12-27 12:32:37,275 - INFO - Loading pretrained weights from Hugging Face hub (timm/efficientnet_b2.ra_in1k)
2024-12-27 12:58:01,976 - INFO - 使用设备: cuda
2024-12-27 12:58:01,982 - INFO - 正在加载数据...
2024-12-27 12:58:01,986 - INFO - 数据集大小: 8889 样本
2024-12-27 12:58:01,992 - INFO - 加载了 35551 条训练数据
2024-12-27 12:58:01,993 - INFO - 标签分布:
2024-12-27 12:58:01,993 - INFO - 类别 0: 12341 样本
2024-12-27 12:58:01,993 - INFO - 类别 1: 5891 样本
2024-12-27 12:58:01,994 - INFO - 类别 2: 2435 样本
2024-12-27 12:58:01,994 - INFO - 类别 3: 2153 样本
2024-12-27 12:58:01,994 - INFO - 类别 4: 2033 样本
2024-12-27 12:58:01,995 - INFO - 类别 5: 1441 样本
2024-12-27 12:58:01,995 - INFO - 类别 7: 856 样本
2024-12-27 12:58:01,995 - INFO - 类别 6: 835 样本
2024-12-27 12:58:01,995 - INFO - 类别 8: 831 样本
2024-12-27 12:58:01,995 - INFO - 类别 9: 776 样本
2024-12-27 12:58:01,995 - INFO - 类别 10: 740 样本
2024-12-27 12:58:01,995 - INFO - 类别 11: 727 样本
2024-12-27 12:58:01,996 - INFO - 类别 12: 638 样本
2024-12-27 12:58:01,996 - INFO - 类别 13: 561 样本
2024-12-27 12:58:01,996 - INFO - 类别 14: 401 样本
2024-12-27 12:58:01,996 - INFO - 类别 15: 392 样本
2024-12-27 12:58:01,997 - INFO - 类别 16: 378 样本
2024-12-27 12:58:01,997 - INFO - 类别 17: 338 样本
2024-12-27 12:58:01,997 - INFO - 类别 18: 269 样本
2024-12-27 12:58:01,997 - INFO - 类别 20: 250 样本
2024-12-27 12:58:01,997 - INFO - 类别 19: 241 样本
2024-12-27 12:58:01,997 - INFO - 类别 21: 205 样本
2024-12-27 12:58:01,997 - INFO - 类别 22: 127 样本
2024-12-27 12:58:01,998 - INFO - 类别 23: 97 样本
2024-12-27 12:58:01,998 - INFO - 类别 24: 88 样本
2024-12-27 12:58:01,998 - INFO - 类别 25: 81 样本
2024-12-27 12:58:01,998 - INFO - 类别 26: 77 样本
2024-12-27 12:58:01,998 - INFO - 类别 27: 61 样本
2024-12-27 12:58:01,999 - INFO - 类别 28: 61 样本
2024-12-27 12:58:01,999 - INFO - 类别 29: 58 样本
2024-12-27 12:58:01,999 - INFO - 类别 30: 37 样本
2024-12-27 12:58:01,999 - INFO - 类别 31: 33 样本
2024-12-27 12:58:01,999 - INFO - 类别 32: 19 样本
2024-12-27 12:58:01,999 - INFO - 类别 34: 16 样本
2024-12-27 12:58:01,999 - INFO - 类别 33: 15 样本
2024-12-27 12:58:01,999 - INFO - 类别 35: 14 样本
2024-12-27 12:58:01,999 - INFO - 类别 36: 10 样本
2024-12-27 12:58:01,999 - INFO - 类别 37: 6 样本
2024-12-27 12:58:01,999 - INFO - 类别 39: 5 样本
2024-12-27 12:58:02,000 - INFO - 类别 40: 4 样本
2024-12-27 12:58:02,000 - INFO - 类别 38: 4 样本
2024-12-27 12:58:02,000 - INFO - 类别 41: 4 样本
2024-12-27 12:58:02,000 - INFO - 类别 42: 1 样本
2024-12-27 12:58:02,000 - INFO - 类别 43: 1 样本
2024-12-27 12:58:02,010 - INFO - 开始训练第 1 折 (共 2 折)...
2024-12-27 12:58:02,011 - INFO - 训练集大小: 17775, 验证集大小: 17776
2024-12-27 12:58:02,011 - INFO - 正在加载数据...
2024-12-27 12:58:02,015 - INFO - 数据集大小: 17775 样本
2024-12-27 12:58:02,016 - INFO - 数据集中的唯一标签: [0, 1, 2, 3, 4, 5, 6, 7, 8, 9, 10, 11, 12, 13, 14, 15, 16, 17, 18, 19, 20, 21, 22, 23, 24, 25, 26, 27, 28, 29, 30, 31, 32, 33, 34, 35, 36, 37, 38, 39, 40, 41, 42]
2024-12-27 12:58:02,016 - INFO - 正在加载数据...
2024-12-27 12:58:02,020 - INFO - 数据集大小: 17776 样本
2024-12-27 12:58:02,021 - INFO - 数据集中的唯一标签: [0, 1, 2, 3, 4, 5, 6, 7, 8, 9, 10, 11, 12, 13, 14, 15, 16, 17, 18, 19, 20, 21, 22, 23, 24, 25, 26, 27, 28, 29, 30, 31, 32, 33, 34, 35, 36, 37, 38, 39, 40, 41, 43]
2024-12-27 12:58:02,101 - INFO - Loading pretrained weights from Hugging Face hub (timm/efficientnet_b2.ra_in1k)
2024-12-27 12:58:08,585 - INFO - [timm/efficientnet_b2.ra_in1k] Safe alternative available for 'pytorch_model.bin' (as 'model.safetensors'). Loading weights using safetensors.
2024-12-27 12:58:08,638 - INFO - Missing keys (classifier.weight, classifier.bias) discovered while loading pretrained weights. This is expected if model is being adapted.
2024-12-27 12:58:09,088 - INFO - Epoch 1/20
2024-12-27 13:03:33,853 - INFO - 使用设备: cuda
2024-12-27 13:03:33,857 - INFO - 正在加载数据...
2024-12-27 13:03:33,857 - INFO - 数据集大小: 8889 样本
2024-12-27 13:03:33,865 - INFO - 加载了 35551 条训练数据
2024-12-27 13:03:33,866 - INFO - 标签分布:
2024-12-27 13:03:33,866 - INFO - 类别 0: 12341 样本
2024-12-27 13:03:33,866 - INFO - 类别 1: 5891 样本
2024-12-27 13:03:33,866 - INFO - 类别 2: 2435 样本
2024-12-27 13:03:33,867 - INFO - 类别 3: 2153 样本
2024-12-27 13:03:33,867 - INFO - 类别 4: 2033 样本
2024-12-27 13:03:33,867 - INFO - 类别 5: 1441 样本
2024-12-27 13:03:33,868 - INFO - 类别 7: 856 样本
2024-12-27 13:03:33,868 - INFO - 类别 6: 835 样本
2024-12-27 13:03:33,868 - INFO - 类别 8: 831 样本
2024-12-27 13:03:33,868 - INFO - 类别 9: 776 样本
2024-12-27 13:03:33,868 - INFO - 类别 10: 740 样本
2024-12-27 13:03:33,868 - INFO - 类别 11: 727 样本
2024-12-27 13:03:33,869 - INFO - 类别 12: 638 样本
2024-12-27 13:03:33,869 - INFO - 类别 13: 561 样本
2024-12-27 13:03:33,869 - INFO - 类别 14: 401 样本
2024-12-27 13:03:33,869 - INFO - 类别 15: 392 样本
2024-12-27 13:03:33,869 - INFO - 类别 16: 378 样本
2024-12-27 13:03:33,870 - INFO - 类别 17: 338 样本
2024-12-27 13:03:33,870 - INFO - 类别 18: 269 样本
2024-12-27 13:03:33,870 - INFO - 类别 20: 250 样本
2024-12-27 13:03:33,870 - INFO - 类别 19: 241 样本
2024-12-27 13:03:33,870 - INFO - 类别 21: 205 样本
2024-12-27 13:03:33,871 - INFO - 类别 22: 127 样本
2024-12-27 13:03:33,871 - INFO - 类别 23: 97 样本
2024-12-27 13:03:33,871 - INFO - 类别 24: 88 样本
2024-12-27 13:03:33,871 - INFO - 类别 25: 81 样本
2024-12-27 13:03:33,872 - INFO - 类别 26: 77 样本
2024-12-27 13:03:33,872 - INFO - 类别 27: 61 样本
2024-12-27 13:03:33,872 - INFO - 类别 28: 61 样本
2024-12-27 13:03:33,872 - INFO - 类别 29: 58 样本
2024-12-27 13:03:33,872 - INFO - 类别 30: 37 样本
2024-12-27 13:03:33,872 - INFO - 类别 31: 33 样本
2024-12-27 13:03:33,872 - INFO - 类别 32: 19 样本
2024-12-27 13:03:33,872 - INFO - 类别 34: 16 样本
2024-12-27 13:03:33,873 - INFO - 类别 33: 15 样本
2024-12-27 13:03:33,873 - INFO - 类别 35: 14 样本
2024-12-27 13:03:33,873 - INFO - 类别 36: 10 样本
2024-12-27 13:03:33,873 - INFO - 类别 37: 6 样本
2024-12-27 13:03:33,874 - INFO - 类别 39: 5 样本
2024-12-27 13:03:33,874 - INFO - 类别 40: 4 样本
2024-12-27 13:03:33,874 - INFO - 类别 38: 4 样本
2024-12-27 13:03:33,874 - INFO - 类别 41: 4 样本
2024-12-27 13:03:33,874 - INFO - 类别 42: 1 样本
2024-12-27 13:03:33,874 - INFO - 类别 43: 1 样本
2024-12-27 13:03:33,884 - INFO - 开始训练第 1 折 (共 2 折)...
2024-12-27 13:03:33,885 - INFO - 训练集大小: 17775, 验证集大小: 17776
2024-12-27 13:03:33,885 - INFO - 正在加载数据...
2024-12-27 13:03:33,889 - INFO - 数据集大小: 17775 样本
2024-12-27 13:03:33,889 - INFO - 数据集中的唯一标签: [0, 1, 2, 3, 4, 5, 6, 7, 8, 9, 10, 11, 12, 13, 14, 15, 16, 17, 18, 19, 20, 21, 22, 23, 24, 25, 26, 27, 28, 29, 30, 31, 32, 33, 34, 35, 36, 37, 38, 39, 40, 41, 42]
2024-12-27 13:03:33,889 - INFO - 正在加载数据...
2024-12-27 13:03:33,893 - INFO - 数据集大小: 17776 样本
2024-12-27 13:03:33,894 - INFO - 数据集中的唯一标签: [0, 1, 2, 3, 4, 5, 6, 7, 8, 9, 10, 11, 12, 13, 14, 15, 16, 17, 18, 19, 20, 21, 22, 23, 24, 25, 26, 27, 28, 29, 30, 31, 32, 33, 34, 35, 36, 37, 38, 39, 40, 41, 43]
2024-12-27 13:03:33,960 - INFO - Loading pretrained weights from Hugging Face hub (timm/efficientnet_b2.ra_in1k)
2024-12-27 13:03:34,579 - INFO - [timm/efficientnet_b2.ra_in1k] Safe alternative available for 'pytorch_model.bin' (as 'model.safetensors'). Loading weights using safetensors.
2024-12-27 13:03:34,604 - INFO - Missing keys (classifier.weight, classifier.bias) discovered while loading pretrained weights. This is expected if model is being adapted.
2024-12-27 13:03:34,888 - INFO - Epoch 1/20
2024-12-27 13:04:03,384 - INFO - Batch [20/370] Loss: 4.5168 Acc: 1.98%
2024-12-27 13:04:06,976 - INFO - Batch [40/370] Loss: 4.3729 Acc: 2.08%
2024-12-27 13:04:10,568 - INFO - Batch [60/370] Loss: 4.1198 Acc: 5.21%
2024-12-27 13:04:14,165 - INFO - Batch [80/370] Loss: 3.8105 Acc: 12.01%
2024-12-27 13:04:17,764 - INFO - Batch [100/370] Loss: 3.4833 Acc: 20.17%
2024-12-27 13:04:21,368 - INFO - Batch [120/370] Loss: 3.1677 Acc: 27.76%
2024-12-27 13:04:24,969 - INFO - Batch [140/370] Loss: 2.9081 Acc: 34.05%
2024-12-27 13:04:28,567 - INFO - Batch [160/370] Loss: 2.6904 Acc: 39.30%
2024-12-27 13:04:32,171 - INFO - Batch [180/370] Loss: 2.4944 Acc: 43.74%
2024-12-27 13:04:35,770 - INFO - Batch [200/370] Loss: 2.3248 Acc: 47.66%
2024-12-27 13:04:39,366 - INFO - Batch [220/370] Loss: 2.1792 Acc: 50.82%
2024-12-27 13:04:42,965 - INFO - Batch [240/370] Loss: 2.0518 Acc: 53.53%
2024-12-27 13:07:43,336 - INFO - 使用设备: cuda
2024-12-27 13:07:43,348 - INFO - 正在加载数据...
2024-12-27 13:07:43,351 - INFO - 数据集大小: 8889 样本
2024-12-27 13:07:43,377 - INFO - 加载了 35551 条训练数据
2024-12-27 13:07:43,380 - INFO - 标签分布:
2024-12-27 13:07:43,381 - INFO - 类别 0: 12341 样本
2024-12-27 13:07:43,381 - INFO - 类别 1: 5891 样本
2024-12-27 13:07:43,381 - INFO - 类别 2: 2435 样本
2024-12-27 13:07:43,381 - INFO - 类别 3: 2153 样本
2024-12-27 13:07:43,381 - INFO - 类别 4: 2033 样本
2024-12-27 13:07:43,381 - INFO - 类别 5: 1441 样本
2024-12-27 13:07:43,381 - INFO - 类别 7: 856 样本
2024-12-27 13:07:43,381 - INFO - 类别 6: 835 样本
2024-12-27 13:07:43,381 - INFO - 类别 8: 831 样本
2024-12-27 13:07:43,381 - INFO - 类别 9: 776 样本
2024-12-27 13:07:43,381 - INFO - 类别 10: 740 样本
2024-12-27 13:07:43,381 - INFO - 类别 11: 727 样本
2024-12-27 13:07:43,382 - INFO - 类别 12: 638 样本
2024-12-27 13:07:43,382 - INFO - 类别 13: 561 样本
2024-12-27 13:07:43,382 - INFO - 类别 14: 401 样本
2024-12-27 13:07:43,382 - INFO - 类别 15: 392 样本
2024-12-27 13:07:43,382 - INFO - 类别 16: 378 样本
2024-12-27 13:07:43,382 - INFO - 类别 17: 338 样本
2024-12-27 13:07:43,382 - INFO - 类别 18: 269 样本
2024-12-27 13:07:43,382 - INFO - 类别 20: 250 样本
2024-12-27 13:07:43,382 - INFO - 类别 19: 241 样本
2024-12-27 13:07:43,383 - INFO - 类别 21: 205 样本
2024-12-27 13:07:43,383 - INFO - 类别 22: 127 样本
2024-12-27 13:07:43,383 - INFO - 类别 23: 97 样本
2024-12-27 13:07:43,383 - INFO - 类别 24: 88 样本
2024-12-27 13:07:43,383 - INFO - 类别 25: 81 样本
2024-12-27 13:07:43,383 - INFO - 类别 26: 77 样本
2024-12-27 13:07:43,383 - INFO - 类别 27: 61 样本
2024-12-27 13:07:43,383 - INFO - 类别 28: 61 样本
2024-12-27 13:07:43,383 - INFO - 类别 29: 58 样本
2024-12-27 13:07:43,383 - INFO - 类别 30: 37 样本
2024-12-27 13:07:43,384 - INFO - 类别 31: 33 样本
2024-12-27 13:07:43,384 - INFO - 类别 32: 19 样本
2024-12-27 13:07:43,384 - INFO - 类别 34: 16 样本
2024-12-27 13:07:43,384 - INFO - 类别 33: 15 样本
2024-12-27 13:07:43,384 - INFO - 类别 35: 14 样本
2024-12-27 13:07:43,384 - INFO - 类别 36: 10 样本
2024-12-27 13:07:43,384 - INFO - 类别 37: 6 样本
2024-12-27 13:07:43,384 - INFO - 类别 39: 5 样本
2024-12-27 13:07:43,384 - INFO - 类别 40: 4 样本
2024-12-27 13:07:43,384 - INFO - 类别 38: 4 样本
2024-12-27 13:07:43,384 - INFO - 类别 41: 4 样本
2024-12-27 13:07:43,385 - INFO - 类别 42: 1 样本
2024-12-27 13:07:43,385 - INFO - 类别 43: 1 样本
2024-12-27 13:07:43,396 - INFO - 开始训练第 1 折 (共 2 折)...
2024-12-27 13:07:43,397 - INFO - 训练集大小: 17775, 验证集大小: 17776
2024-12-27 13:07:43,397 - INFO - 正在加载数据...
2024-12-27 13:07:43,401 - INFO - 数据集大小: 17775 样本
2024-12-27 13:07:43,402 - INFO - 数据集中的唯一标签: [0, 1, 2, 3, 4, 5, 6, 7, 8, 9, 10, 11, 12, 13, 14, 15, 16, 17, 18, 19, 20, 21, 22, 23, 24, 25, 26, 27, 28, 29, 30, 31, 32, 33, 34, 35, 36, 37, 38, 39, 40, 41, 42]
2024-12-27 13:07:43,403 - INFO - 正在加载数据...
2024-12-27 13:07:43,406 - INFO - 数据集大小: 17776 样本
2024-12-27 13:07:43,407 - INFO - 数据集中的唯一标签: [0, 1, 2, 3, 4, 5, 6, 7, 8, 9, 10, 11, 12, 13, 14, 15, 16, 17, 18, 19, 20, 21, 22, 23, 24, 25, 26, 27, 28, 29, 30, 31, 32, 33, 34, 35, 36, 37, 38, 39, 40, 41, 43]
2024-12-27 13:07:43,572 - INFO - Loading pretrained weights from Hugging Face hub (timm/efficientnet_b2.ra_in1k)
2024-12-27 13:07:50,556 - INFO - [timm/efficientnet_b2.ra_in1k] Safe alternative available for 'pytorch_model.bin' (as 'model.safetensors'). Loading weights using safetensors.
2024-12-27 13:07:50,747 - INFO - Missing keys (classifier.weight, classifier.bias) discovered while loading pretrained weights. This is expected if model is being adapted.
2024-12-27 13:07:51,077 - INFO - Epoch 1/20
2024-12-27 13:08:17,489 - INFO - Batch [20/370] Loss: 4.6518 Acc: 1.25%
2024-12-27 13:08:21,080 - INFO - Batch [40/370] Loss: 4.5352 Acc: 1.61%
2024-12-27 13:08:24,673 - INFO - Batch [60/370] Loss: 4.2927 Acc: 3.82%
2024-12-27 13:08:28,273 - INFO - Batch [80/370] Loss: 3.9732 Acc: 9.64%
2024-12-27 13:08:31,867 - INFO - Batch [100/370] Loss: 3.6374 Acc: 17.52%
2024-12-27 13:08:35,457 - INFO - Batch [120/370] Loss: 3.3356 Acc: 24.88%
2024-12-27 13:08:39,054 - INFO - Batch [140/370] Loss: 3.0644 Acc: 31.22%
2024-12-27 13:08:42,653 - INFO - Batch [160/370] Loss: 2.8259 Acc: 36.64%
2024-12-27 13:08:46,254 - INFO - Batch [180/370] Loss: 2.6157 Acc: 41.38%
2024-12-27 13:08:49,856 - INFO - Batch [200/370] Loss: 2.4361 Acc: 45.31%
2024-12-27 13:08:53,454 - INFO - Batch [220/370] Loss: 2.2710 Acc: 48.94%
2024-12-27 13:08:57,049 - INFO - Batch [240/370] Loss: 2.1349 Acc: 51.93%
2024-12-27 13:09:00,645 - INFO - Batch [260/370] Loss: 2.0147 Acc: 54.56%
2024-12-27 13:09:04,239 - INFO - Batch [280/370] Loss: 1.9135 Acc: 56.73%
2024-12-27 13:09:07,840 - INFO - Batch [300/370] Loss: 1.8204 Acc: 58.74%
2024-12-27 13:09:11,436 - INFO - Batch [320/370] Loss: 1.7375 Acc: 60.52%
2024-12-27 13:09:15,310 - INFO - Batch [340/370] Loss: 1.6596 Acc: 62.21%
2024-12-27 13:09:18,910 - INFO - Batch [360/370] Loss: 1.5915 Acc: 63.69%
2024-12-27 13:13:01,822 - INFO - 使用设备: cuda
2024-12-27 13:13:01,836 - INFO - 正在加载数据...
2024-12-27 13:13:01,839 - INFO - 数据集大小: 8889 样本
2024-12-27 13:13:01,845 - INFO - 加载了 35551 条训练数据
2024-12-27 13:13:01,848 - INFO - 标签分布:
2024-12-27 13:13:01,848 - INFO - 类别 0: 12341 样本
2024-12-27 13:13:01,848 - INFO - 类别 1: 5891 样本
2024-12-27 13:13:01,848 - INFO - 类别 2: 2435 样本
2024-12-27 13:13:01,848 - INFO - 类别 3: 2153 样本
2024-12-27 13:13:01,849 - INFO - 类别 4: 2033 样本
2024-12-27 13:13:01,849 - INFO - 类别 5: 1441 样本
2024-12-27 13:13:01,850 - INFO - 类别 7: 856 样本
2024-12-27 13:13:01,850 - INFO - 类别 6: 835 样本
2024-12-27 13:13:01,851 - INFO - 类别 8: 831 样本
2024-12-27 13:13:01,851 - INFO - 类别 9: 776 样本
2024-12-27 13:13:01,851 - INFO - 类别 10: 740 样本
2024-12-27 13:13:01,852 - INFO - 类别 11: 727 样本
2024-12-27 13:13:01,852 - INFO - 类别 12: 638 样本
2024-12-27 13:13:01,852 - INFO - 类别 13: 561 样本
2024-12-27 13:13:01,853 - INFO - 类别 14: 401 样本
2024-12-27 13:13:01,853 - INFO - 类别 15: 392 样本
2024-12-27 13:13:01,853 - INFO - 类别 16: 378 样本
2024-12-27 13:13:01,853 - INFO - 类别 17: 338 样本
2024-12-27 13:13:01,853 - INFO - 类别 18: 269 样本
2024-12-27 13:13:01,853 - INFO - 类别 20: 250 样本
2024-12-27 13:13:01,853 - INFO - 类别 19: 241 样本
2024-12-27 13:13:01,853 - INFO - 类别 21: 205 样本
2024-12-27 13:13:01,853 - INFO - 类别 22: 127 样本
2024-12-27 13:13:01,853 - INFO - 类别 23: 97 样本
2024-12-27 13:13:01,853 - INFO - 类别 24: 88 样本
2024-12-27 13:13:01,854 - INFO - 类别 25: 81 样本
2024-12-27 13:13:01,854 - INFO - 类别 26: 77 样本
2024-12-27 13:13:01,854 - INFO - 类别 27: 61 样本
2024-12-27 13:13:01,854 - INFO - 类别 28: 61 样本
2024-12-27 13:13:01,854 - INFO - 类别 29: 58 样本
2024-12-27 13:13:01,854 - INFO - 类别 30: 37 样本
2024-12-27 13:13:01,854 - INFO - 类别 31: 33 样本
2024-12-27 13:13:01,855 - INFO - 类别 32: 19 样本
2024-12-27 13:13:01,855 - INFO - 类别 34: 16 样本
2024-12-27 13:13:01,855 - INFO - 类别 33: 15 样本
2024-12-27 13:13:01,855 - INFO - 类别 35: 14 样本
2024-12-27 13:13:01,855 - INFO - 类别 36: 10 样本
2024-12-27 13:13:01,855 - INFO - 类别 37: 6 样本
2024-12-27 13:13:01,855 - INFO - 类别 39: 5 样本
2024-12-27 13:13:01,855 - INFO - 类别 40: 4 样本
2024-12-27 13:13:01,855 - INFO - 类别 38: 4 样本
2024-12-27 13:13:01,855 - INFO - 类别 41: 4 样本
2024-12-27 13:13:01,855 - INFO - 类别 42: 1 样本
2024-12-27 13:13:01,856 - INFO - 类别 43: 1 样本
2024-12-27 13:13:01,867 - INFO - 开始训练第 1 折 (共 2 折)...
2024-12-27 13:13:01,868 - INFO - 训练集大小: 17775, 验证集大小: 17776
2024-12-27 13:13:01,869 - INFO - 正在加载数据...
2024-12-27 13:13:01,873 - INFO - 数据集大小: 17775 样本
2024-12-27 13:13:01,874 - INFO - 数据集中的唯一标签: [0, 1, 2, 3, 4, 5, 6, 7, 8, 9, 10, 11, 12, 13, 14, 15, 16, 17, 18, 19, 20, 21, 22, 23, 24, 25, 26, 27, 28, 29, 30, 31, 32, 33, 34, 35, 36, 37, 38, 39, 40, 41, 42]
2024-12-27 13:13:01,874 - INFO - 正在加载数据...
2024-12-27 13:13:01,878 - INFO - 数据集大小: 17776 样本
2024-12-27 13:13:01,878 - INFO - 数据集中的唯一标签: [0, 1, 2, 3, 4, 5, 6, 7, 8, 9, 10, 11, 12, 13, 14, 15, 16, 17, 18, 19, 20, 21, 22, 23, 24, 25, 26, 27, 28, 29, 30, 31, 32, 33, 34, 35, 36, 37, 38, 39, 40, 41, 43]
2024-12-27 13:13:01,959 - INFO - Loading pretrained weights from Hugging Face hub (timm/efficientnet_b2.ra_in1k)
2024-12-27 13:13:02,679 - INFO - [timm/efficientnet_b2.ra_in1k] Safe alternative available for 'pytorch_model.bin' (as 'model.safetensors'). Loading weights using safetensors.
2024-12-27 13:13:02,783 - INFO - Missing keys (classifier.weight, classifier.bias) discovered while loading pretrained weights. This is expected if model is being adapted.
2024-12-27 13:13:02,993 - INFO - Epoch 1/20
