2024-12-27 18:01:30,913 - INFO - Using device: cuda
2024-12-27 18:01:30,931 - INFO - 标签分布:
2024-12-27 18:01:30,931 - INFO - 类别 0: 12341 样本
2024-12-27 18:01:30,931 - INFO - 类别 1: 5891 样本
2024-12-27 18:01:30,931 - INFO - 类别 2: 2435 样本
2024-12-27 18:01:30,931 - INFO - 类别 3: 2153 样本
2024-12-27 18:01:30,931 - INFO - 类别 4: 2033 样本
2024-12-27 18:01:30,931 - INFO - 类别 5: 1441 样本
2024-12-27 18:01:30,931 - INFO - 类别 7: 856 样本
2024-12-27 18:01:30,931 - INFO - 类别 6: 835 样本
2024-12-27 18:01:30,931 - INFO - 类别 8: 831 样本
2024-12-27 18:01:30,933 - INFO - 类别 9: 776 样本
2024-12-27 18:01:30,933 - INFO - 类别 10: 740 样本
2024-12-27 18:01:30,933 - INFO - 类别 11: 727 样本
2024-12-27 18:01:30,933 - INFO - 类别 12: 638 样本
2024-12-27 18:01:30,933 - INFO - 类别 13: 561 样本
2024-12-27 18:01:30,934 - INFO - 类别 14: 401 样本
2024-12-27 18:01:30,934 - INFO - 类别 15: 392 样本
2024-12-27 18:01:30,934 - INFO - 类别 16: 378 样本
2024-12-27 18:01:30,934 - INFO - 类别 17: 338 样本
2024-12-27 18:01:30,934 - INFO - 类别 18: 269 样本
2024-12-27 18:01:30,935 - INFO - 类别 20: 250 样本
2024-12-27 18:01:30,935 - INFO - 类别 19: 241 样本
2024-12-27 18:01:30,935 - INFO - 类别 21: 205 样本
2024-12-27 18:01:30,936 - INFO - 类别 22: 127 样本
2024-12-27 18:01:30,936 - INFO - 类别 23: 97 样本
2024-12-27 18:01:30,936 - INFO - 类别 24: 88 样本
2024-12-27 18:01:30,936 - INFO - 类别 25: 81 样本
2024-12-27 18:01:30,936 - INFO - 类别 26: 77 样本
2024-12-27 18:01:30,936 - INFO - 类别 27: 61 样本
2024-12-27 18:01:30,936 - INFO - 类别 28: 61 样本
2024-12-27 18:01:30,936 - INFO - 类别 29: 58 样本
2024-12-27 18:01:30,936 - INFO - 类别 30: 37 样本
2024-12-27 18:01:30,937 - INFO - 类别 31: 33 样本
2024-12-27 18:01:30,937 - INFO - 类别 32: 19 样本
2024-12-27 18:01:30,937 - INFO - 类别 34: 16 样本
2024-12-27 18:01:30,937 - INFO - 类别 33: 15 样本
2024-12-27 18:01:30,938 - INFO - 类别 35: 14 样本
2024-12-27 18:01:30,938 - INFO - 类别 36: 10 样本
2024-12-27 18:01:30,938 - INFO - 类别 37: 6 样本
2024-12-27 18:01:30,938 - INFO - 类别 39: 5 样本
2024-12-27 18:01:30,938 - INFO - 类别 40: 4 样本
2024-12-27 18:01:30,938 - INFO - 类别 38: 4 样本
2024-12-27 18:01:30,939 - INFO - 类别 41: 4 样本
2024-12-27 18:01:30,939 - INFO - 类别 42: 1 样本
2024-12-27 18:01:30,939 - INFO - 类别 43: 1 样本
2024-12-27 18:06:53,601 - INFO - Using device: cuda
2024-12-27 18:06:53,618 - INFO - 标签分布:
2024-12-27 18:06:53,619 - INFO - 类别 0: 12341 样本
2024-12-27 18:06:53,619 - INFO - 类别 1: 5891 样本
2024-12-27 18:06:53,619 - INFO - 类别 2: 2435 样本
2024-12-27 18:06:53,620 - INFO - 类别 3: 2153 样本
2024-12-27 18:06:53,620 - INFO - 类别 4: 2033 样本
2024-12-27 18:06:53,620 - INFO - 类别 5: 1441 样本
2024-12-27 18:06:53,620 - INFO - 类别 7: 856 样本
2024-12-27 18:06:53,620 - INFO - 类别 6: 835 样本
2024-12-27 18:06:53,621 - INFO - 类别 8: 831 样本
2024-12-27 18:06:53,621 - INFO - 类别 9: 776 样本
2024-12-27 18:06:53,621 - INFO - 类别 10: 740 样本
2024-12-27 18:06:53,621 - INFO - 类别 11: 727 样本
2024-12-27 18:06:53,621 - INFO - 类别 12: 638 样本
2024-12-27 18:06:53,622 - INFO - 类别 13: 561 样本
2024-12-27 18:06:53,622 - INFO - 类别 14: 401 样本
2024-12-27 18:06:53,622 - INFO - 类别 15: 392 样本
2024-12-27 18:06:53,622 - INFO - 类别 16: 378 样本
2024-12-27 18:06:53,622 - INFO - 类别 17: 338 样本
2024-12-27 18:06:53,623 - INFO - 类别 18: 269 样本
2024-12-27 18:06:53,623 - INFO - 类别 20: 250 样本
2024-12-27 18:06:53,623 - INFO - 类别 19: 241 样本
2024-12-27 18:06:53,623 - INFO - 类别 21: 205 样本
2024-12-27 18:06:53,623 - INFO - 类别 22: 127 样本
2024-12-27 18:06:53,624 - INFO - 类别 23: 97 样本
2024-12-27 18:06:53,624 - INFO - 类别 24: 88 样本
2024-12-27 18:06:53,624 - INFO - 类别 25: 81 样本
2024-12-27 18:06:53,624 - INFO - 类别 26: 77 样本
2024-12-27 18:06:53,624 - INFO - 类别 27: 61 样本
2024-12-27 18:06:53,625 - INFO - 类别 28: 61 样本
2024-12-27 18:06:53,625 - INFO - 类别 29: 58 样本
2024-12-27 18:06:53,625 - INFO - 类别 30: 37 样本
2024-12-27 18:06:53,625 - INFO - 类别 31: 33 样本
2024-12-27 18:06:53,625 - INFO - 类别 32: 19 样本
2024-12-27 18:06:53,625 - INFO - 类别 34: 16 样本
2024-12-27 18:06:53,626 - INFO - 类别 33: 15 样本
2024-12-27 18:06:53,626 - INFO - 类别 35: 14 样本
2024-12-27 18:06:53,626 - INFO - 类别 36: 10 样本
2024-12-27 18:06:53,626 - INFO - 类别 37: 6 样本
2024-12-27 18:06:53,626 - INFO - 类别 39: 5 样本
2024-12-27 18:06:53,627 - INFO - 类别 40: 4 样本
2024-12-27 18:06:53,627 - INFO - 类别 38: 4 样本
2024-12-27 18:06:53,627 - INFO - 类别 41: 4 样本
2024-12-27 18:06:53,627 - INFO - 类别 42: 1 样本
2024-12-27 18:06:53,628 - INFO - 类别 43: 1 样本
2024-12-27 18:08:30,851 - INFO - Using device: cuda
2024-12-27 18:09:27,994 - INFO - Using device: cuda
2024-12-27 18:09:28,004 - INFO - 标签分布:
2024-12-27 18:09:28,004 - INFO - 类别 0: 12341 样本
2024-12-27 18:09:28,005 - INFO - 类别 1: 5891 样本
2024-12-27 18:09:28,005 - INFO - 类别 2: 2435 样本
2024-12-27 18:09:28,005 - INFO - 类别 3: 2153 样本
2024-12-27 18:09:28,006 - INFO - 类别 4: 2033 样本
2024-12-27 18:09:28,006 - INFO - 类别 5: 1441 样本
2024-12-27 18:09:28,006 - INFO - 类别 7: 856 样本
2024-12-27 18:09:28,007 - INFO - 类别 6: 835 样本
2024-12-27 18:09:28,007 - INFO - 类别 8: 831 样本
2024-12-27 18:09:28,007 - INFO - 类别 9: 776 样本
2024-12-27 18:09:28,007 - INFO - 类别 10: 740 样本
2024-12-27 18:09:28,007 - INFO - 类别 11: 727 样本
2024-12-27 18:09:28,007 - INFO - 类别 12: 638 样本
2024-12-27 18:09:28,007 - INFO - 类别 13: 561 样本
2024-12-27 18:09:28,007 - INFO - 类别 14: 401 样本
2024-12-27 18:09:28,008 - INFO - 类别 15: 392 样本
2024-12-27 18:09:28,008 - INFO - 类别 16: 378 样本
2024-12-27 18:09:28,008 - INFO - 类别 17: 338 样本
2024-12-27 18:09:28,008 - INFO - 类别 18: 269 样本
2024-12-27 18:09:28,008 - INFO - 类别 20: 250 样本
2024-12-27 18:09:28,008 - INFO - 类别 19: 241 样本
2024-12-27 18:09:28,008 - INFO - 类别 21: 205 样本
2024-12-27 18:09:28,008 - INFO - 类别 22: 127 样本
2024-12-27 18:09:28,009 - INFO - 类别 23: 97 样本
2024-12-27 18:09:28,009 - INFO - 类别 24: 88 样本
2024-12-27 18:09:28,009 - INFO - 类别 25: 81 样本
2024-12-27 18:09:28,009 - INFO - 类别 26: 77 样本
2024-12-27 18:09:28,009 - INFO - 类别 27: 61 样本
2024-12-27 18:09:28,009 - INFO - 类别 28: 61 样本
2024-12-27 18:09:28,010 - INFO - 类别 29: 58 样本
2024-12-27 18:09:28,010 - INFO - 类别 30: 37 样本
2024-12-27 18:09:28,010 - INFO - 类别 31: 33 样本
2024-12-27 18:09:28,011 - INFO - 类别 32: 19 样本
2024-12-27 18:09:28,011 - INFO - 类别 34: 16 样本
2024-12-27 18:09:28,011 - INFO - 类别 33: 15 样本
2024-12-27 18:09:28,011 - INFO - 类别 35: 14 样本
2024-12-27 18:09:28,012 - INFO - 类别 36: 10 样本
2024-12-27 18:09:28,012 - INFO - 类别 37: 6 样本
2024-12-27 18:09:28,012 - INFO - 类别 39: 5 样本
2024-12-27 18:09:28,012 - INFO - 类别 40: 4 样本
2024-12-27 18:09:28,013 - INFO - 类别 38: 4 样本
2024-12-27 18:09:28,013 - INFO - 类别 41: 4 样本
2024-12-27 18:09:28,013 - INFO - 类别 42: 1 样本
2024-12-27 18:09:28,013 - INFO - 类别 43: 1 样本
2024-12-27 18:09:28,016 - INFO - 正在加载数据...
2024-12-27 18:09:28,025 - INFO - 数据集大小: 35551 样本
2024-12-27 18:09:28,026 - INFO - 数据集中的唯一标签: [0, 1, 2, 3, 4, 5, 6, 7, 8, 9, 10, 11, 12, 13, 14, 15, 16, 17, 18, 19, 20, 21, 22, 23, 24, 25, 26, 27, 28, 29, 30, 31, 32, 33, 34, 35, 36, 37, 38, 39, 40, 41, 42, 43]
2024-12-27 18:09:28,027 - INFO - 正在加载数据...
2024-12-27 18:09:28,029 - INFO - 数据集大小: 8889 样本
2024-12-27 18:09:28,031 - INFO - 创建模型: convnext_base
2024-12-27 18:09:28,651 - WARNING - 未找到本地权重文件或未启用预训练，使用随机初始化
2024-12-27 18:09:28,991 - INFO - 
Epoch [1/30]
